build/app/intermediates/manifest_merge_blame_file/release/manifest-merger-blame-release-report.txt
1<?xml version="1.0" encoding="utf-8"?>
2<manifest xmlns:android="http://schemas.android.com/apk/res/android"
3    package="com.example.trackmybusstoptracker"
4    android:versionCode="1"
5    android:versionName="1.0.0" >
6
7    <uses-sdk
8        android:minSdkVersion="19"
8-->src\main\AndroidManifest.xml
9        android:targetSdkVersion="31" />
9-->src\main\AndroidManifest.xml
10
11    <uses-permission android:name="android.permission.ACCESS_FINE_LOCATION" />
11-->src\main\AndroidManifest.xml:4:5-79
11-->src\main\AndroidManifest.xml:4:22-76
12    <uses-permission android:name="android.permission.ACCESS_COARSE_LOCATION" />
12-->src\main\AndroidManifest.xml:5:5-81
12-->src\main\AndroidManifest.xml:5:22-78
13    <uses-permission android:name="android.permission.ACCESS_BACKGROUND_LOCATION" />
13-->src\main\AndroidManifest.xml:6:5-85
13-->src\main\AndroidManifest.xml:6:22-82
14    <uses-permission android:name="android.permission.FOREGROUND_SERVICE" /> <!-- Although the *SdkVersion is captured in gradle build files, this is required for non gradle builds -->
14-->[:geolocator_android] AndroidManifest.xml:9:5-77
14-->[:geolocator_android] AndroidManifest.xml:9:22-74
15    <!-- <uses-sdk android:minSdkVersion="14" /> -->
16    <uses-permission android:name="android.permission.ACCESS_NETWORK_STATE" />
16-->[com.google.firebase:firebase-firestore:24.2.2] AndroidManifest.xml:13:5-79
16-->[com.google.firebase:firebase-firestore:24.2.2] AndroidManifest.xml:13:22-76
17    <uses-permission android:name="android.permission.INTERNET" />
17-->[com.google.firebase:firebase-firestore:24.2.2] AndroidManifest.xml:14:5-67
17-->[com.google.firebase:firebase-firestore:24.2.2] AndroidManifest.xml:14:22-64
18
19    <application
20        android:name="android.app.Application"
20-->src\main\AndroidManifest.xml:10:9-42
21        android:appComponentFactory="androidx.core.app.CoreComponentFactory"
21-->[androidx.core:core:1.8.0] AndroidManifest.xml:24:18-86
22        android:icon="@mipmap/ic_launcher"
22-->src\main\AndroidManifest.xml:11:9-43
23        android:label="trackmybusstoptracker" >
23-->src\main\AndroidManifest.xml:9:9-46
24        <activity
24-->src\main\AndroidManifest.xml:12:9-32:20
25            android:name="com.example.trackmybusstoptracker.MainActivity"
25-->src\main\AndroidManifest.xml:13:13-41
26            android:configChanges="orientation|keyboardHidden|keyboard|screenSize|smallestScreenSize|locale|layoutDirection|fontScale|screenLayout|density|uiMode"
26-->src\main\AndroidManifest.xml:17:13-163
27            android:exported="true"
27-->src\main\AndroidManifest.xml:14:13-36
28            android:hardwareAccelerated="true"
28-->src\main\AndroidManifest.xml:18:13-47
29            android:launchMode="singleTop"
29-->src\main\AndroidManifest.xml:15:13-43
30            android:theme="@style/LaunchTheme"
30-->src\main\AndroidManifest.xml:16:13-47
31            android:windowSoftInputMode="adjustResize" >
31-->src\main\AndroidManifest.xml:19:13-55
32
33            <!--
34                 Specifies an Android theme to apply to this Activity as soon as
35                 the Android process has started. This theme is visible to the user
36                 while the Flutter UI initializes. After that, this theme continues
37                 to determine the Window background behind the Flutter UI.
38            -->
39            <meta-data
39-->src\main\AndroidManifest.xml:24:13-27:17
40                android:name="io.flutter.embedding.android.NormalTheme"
40-->src\main\AndroidManifest.xml:25:15-70
41                android:resource="@style/NormalTheme" />
41-->src\main\AndroidManifest.xml:26:15-52
42
43            <intent-filter>
43-->src\main\AndroidManifest.xml:28:13-31:29
44                <action android:name="android.intent.action.MAIN" />
44-->src\main\AndroidManifest.xml:29:17-68
44-->src\main\AndroidManifest.xml:29:25-66
45
46                <category android:name="android.intent.category.LAUNCHER" />
46-->src\main\AndroidManifest.xml:30:17-76
46-->src\main\AndroidManifest.xml:30:27-74
47            </intent-filter>
48        </activity>
49        <!--
50             Don't delete the meta-data below.
51             This is used by the Flutter tool to generate GeneratedPluginRegistrant.java
52        -->
53        <meta-data
53-->src\main\AndroidManifest.xml:35:9-37:33
54            android:name="flutterEmbedding"
54-->src\main\AndroidManifest.xml:36:13-44
55            android:value="2" />
55-->src\main\AndroidManifest.xml:37:13-30
56
57        <service
57-->[:cloud_firestore] AndroidManifest.xml:10:9-14:19
58            android:name="com.google.firebase.components.ComponentDiscoveryService"
58-->[:cloud_firestore] AndroidManifest.xml:10:18-89
59            android:directBootAware="true"
59-->[com.google.firebase:firebase-common:20.1.1] AndroidManifest.xml:35:13-43
60            android:exported="false" >
60-->[com.google.firebase:firebase-firestore:24.2.2] AndroidManifest.xml:19:13-37
61            <meta-data
61-->[:cloud_firestore] AndroidManifest.xml:11:13-13:85
62                android:name="com.google.firebase.components:io.flutter.plugins.firebase.firestore.FlutterFirebaseFirestoreRegistrar"
62-->[:cloud_firestore] AndroidManifest.xml:12:17-134
63                android:value="com.google.firebase.components.ComponentRegistrar" />
63-->[:cloud_firestore] AndroidManifest.xml:13:17-82
64            <meta-data
64-->[:firebase_core] AndroidManifest.xml:11:13-13:85
65                android:name="com.google.firebase.components:io.flutter.plugins.firebase.core.FlutterFirebaseCoreRegistrar"
65-->[:firebase_core] AndroidManifest.xml:12:17-124
66                android:value="com.google.firebase.components.ComponentRegistrar" />
66-->[:firebase_core] AndroidManifest.xml:13:17-82
67            <meta-data
67-->[com.google.firebase:firebase-firestore:24.2.2] AndroidManifest.xml:20:13-22:85
68                android:name="com.google.firebase.components:com.google.firebase.firestore.FirestoreRegistrar"
68-->[com.google.firebase:firebase-firestore:24.2.2] AndroidManifest.xml:21:17-111
69                android:value="com.google.firebase.components.ComponentRegistrar" />
69-->[com.google.firebase:firebase-firestore:24.2.2] AndroidManifest.xml:22:17-82
70        </service>
71        <service
71-->[:geolocator_android] AndroidManifest.xml:12:9-16:56
72            android:name="com.baseflow.geolocator.GeolocatorLocationService"
72-->[:geolocator_android] AndroidManifest.xml:13:13-77
73            android:enabled="true"
73-->[:geolocator_android] AndroidManifest.xml:14:13-35
74            android:exported="false"
74-->[:geolocator_android] AndroidManifest.xml:15:13-37
75            android:foregroundServiceType="location" />
75-->[:geolocator_android] AndroidManifest.xml:16:13-53
76
77        <uses-library
77-->[androidx.window:window:1.0.0-beta04] AndroidManifest.xml:25:9-27:40
78            android:name="androidx.window.extensions"
78-->[androidx.window:window:1.0.0-beta04] AndroidManifest.xml:26:13-54
79            android:required="false" />
79-->[androidx.window:window:1.0.0-beta04] AndroidManifest.xml:27:13-37
80        <uses-library
80-->[androidx.window:window:1.0.0-beta04] AndroidManifest.xml:28:9-30:40
81            android:name="androidx.window.sidecar"
81-->[androidx.window:window:1.0.0-beta04] AndroidManifest.xml:29:13-51
82            android:required="false" />
82-->[androidx.window:window:1.0.0-beta04] AndroidManifest.xml:30:13-37
83
84        <provider
84-->[com.google.firebase:firebase-common:20.1.1] AndroidManifest.xml:26:9-31:39
85            android:name="com.google.firebase.provider.FirebaseInitProvider"
85-->[com.google.firebase:firebase-common:20.1.1] AndroidManifest.xml:27:13-77
86            android:authorities="com.example.trackmybusstoptracker.firebaseinitprovider"
86-->[com.google.firebase:firebase-common:20.1.1] AndroidManifest.xml:28:13-72
87            android:directBootAware="true"
87-->[com.google.firebase:firebase-common:20.1.1] AndroidManifest.xml:29:13-43
88            android:exported="false"
88-->[com.google.firebase:firebase-common:20.1.1] AndroidManifest.xml:30:13-37
89            android:initOrder="100" />
89-->[com.google.firebase:firebase-common:20.1.1] AndroidManifest.xml:31:13-36
90
91        <activity
91-->[com.google.android.gms:play-services-base:18.0.1] AndroidManifest.xml:20:9-22:45
92            android:name="com.google.android.gms.common.api.GoogleApiActivity"
92-->[com.google.android.gms:play-services-base:18.0.1] AndroidManifest.xml:20:19-85
93            android:exported="false"
93-->[com.google.android.gms:play-services-base:18.0.1] AndroidManifest.xml:22:19-43
94            android:theme="@android:style/Theme.Translucent.NoTitleBar" />
94-->[com.google.android.gms:play-services-base:18.0.1] AndroidManifest.xml:21:19-78
95
96        <meta-data
96-->[com.google.android.gms:play-services-basement:18.0.0] AndroidManifest.xml:21:9-23:69
97            android:name="com.google.android.gms.version"
97-->[com.google.android.gms:play-services-basement:18.0.0] AndroidManifest.xml:22:13-58
98            android:value="@integer/google_play_services_version" />
98-->[com.google.android.gms:play-services-basement:18.0.0] AndroidManifest.xml:23:13-66
99    </application>
100
101</manifest>